0 verbose cli /usr/bin/node /usr/bin/npm
1 info using npm@10.8.2
2 info using node@v20.19.5
3 silly config load:file:/usr/lib/node_modules/npm/npmrc
4 silly config load:file:/workspace/frontend/.npmrc
5 silly config load:file:/root/.npmrc
6 silly config load:file:/usr/etc/npmrc
7 verbose title npm ci
8 verbose argv "ci"
9 verbose logfile logs-max:10 dir:/workspace/frontend/.npm-cache/_logs/2026-05-29T03_48_17_464Z-
10 verbose logfile /workspace/frontend/.npm-cache/_logs/2026-05-29T03_48_17_464Z-debug-0.log
11 silly packumentCache heap:549453824 maxSize:137363456 maxEntrySize:68681728
12 silly logfile done cleaning log files
13 silly idealTree buildDeps
14 silly reify moves {}
15 verbose reify failed optional dependency /workspace/frontend/node_modules/fsevents
16 silly reify mark deleted [ '/workspace/frontend/node_modules/fsevents' ]
17 verbose reify failed optional dependency /workspace/frontend/node_modules/@rollup/rollup-win32-x64-msvc
18 silly reify mark deleted [ '/workspace/frontend/node_modules/@rollup/rollup-win32-x64-msvc' ]
19 verbose reify failed optional dependency /workspace/frontend/node_modules/@rollup/rollup-win32-x64-gnu
20 silly reify mark deleted [ '/workspace/frontend/node_modules/@rollup/rollup-win32-x64-gnu' ]
21 verbose reify failed optional dependency /workspace/frontend/node_modules/@rollup/rollup-win32-ia32-msvc
22 silly reify mark deleted [ '/workspace/frontend/node_modules/@rollup/rollup-win32-ia32-msvc' ]
23 verbose reify failed optional dependency /workspace/frontend/node_modules/@rollup/rollup-win32-arm64-msvc
24 silly reify mark deleted [ '/workspace/frontend/node_modules/@rollup/rollup-win32-arm64-msvc' ]
25 verbose reify failed optional dependency /workspace/frontend/node_modules/@rollup/rollup-openharmony-arm64
26 silly reify mark deleted [ '/workspace/frontend/node_modules/@rollup/rollup-openharmony-arm64' ]
27 verbose reify failed optional dependency /workspace/frontend/node_modules/@rollup/rollup-openbsd-x64
28 silly reify mark deleted [ '/workspace/frontend/node_modules/@rollup/rollup-openbsd-x64' ]
29 verbose reify failed optional dependency /workspace/frontend/node_modules/@rollup/rollup-linux-s390x-gnu
30 silly reify mark deleted [ '/workspace/frontend/node_modules/@rollup/rollup-linux-s390x-gnu' ]
31 verbose reify failed optional dependency /workspace/frontend/node_modules/@rollup/rollup-linux-riscv64-musl
32 silly reify mark deleted [
32 silly reify   '/workspace/frontend/node_modules/@rollup/rollup-linux-riscv64-musl'
32 silly reify ]
33 verbose reify failed optional dependency /workspace/frontend/node_modules/@rollup/rollup-linux-riscv64-gnu
34 silly reify mark deleted [ '/workspace/frontend/node_modules/@rollup/rollup-linux-riscv64-gnu' ]
35 verbose reify failed optional dependency /workspace/frontend/node_modules/@rollup/rollup-linux-ppc64-musl
36 silly reify mark deleted [ '/workspace/frontend/node_modules/@rollup/rollup-linux-ppc64-musl' ]
37 verbose reify failed optional dependency /workspace/frontend/node_modules/@rollup/rollup-linux-ppc64-gnu
38 silly reify mark deleted [ '/workspace/frontend/node_modules/@rollup/rollup-linux-ppc64-gnu' ]
39 verbose reify failed optional dependency /workspace/frontend/node_modules/@rollup/rollup-linux-loong64-musl
40 silly reify mark deleted [
40 silly reify   '/workspace/frontend/node_modules/@rollup/rollup-linux-loong64-musl'
40 silly reify ]
41 verbose reify failed optional dependency /workspace/frontend/node_modules/@rollup/rollup-linux-loong64-gnu
42 silly reify mark deleted [ '/workspace/frontend/node_modules/@rollup/rollup-linux-loong64-gnu' ]
43 verbose reify failed optional dependency /workspace/frontend/node_modules/@rollup/rollup-linux-arm64-musl
44 silly reify mark deleted [ '/workspace/frontend/node_modules/@rollup/rollup-linux-arm64-musl' ]
45 verbose reify failed optional dependency /workspace/frontend/node_modules/@rollup/rollup-linux-arm64-gnu
46 silly reify mark deleted [ '/workspace/frontend/node_modules/@rollup/rollup-linux-arm64-gnu' ]
47 verbose reify failed optional dependency /workspace/frontend/node_modules/@rollup/rollup-linux-arm-musleabihf
48 silly reify mark deleted [
48 silly reify   '/workspace/frontend/node_modules/@rollup/rollup-linux-arm-musleabihf'
48 silly reify ]
49 verbose reify failed optional dependency /workspace/frontend/node_modules/@rollup/rollup-linux-arm-gnueabihf
50 silly reify mark deleted [
50 silly reify   '/workspace/frontend/node_modules/@rollup/rollup-linux-arm-gnueabihf'
50 silly reify ]
51 verbose reify failed optional dependency /workspace/frontend/node_modules/@rollup/rollup-freebsd-x64
52 silly reify mark deleted [ '/workspace/frontend/node_modules/@rollup/rollup-freebsd-x64' ]
53 verbose reify failed optional dependency /workspace/frontend/node_modules/@rollup/rollup-freebsd-arm64
54 silly reify mark deleted [ '/workspace/frontend/node_modules/@rollup/rollup-freebsd-arm64' ]
55 verbose reify failed optional dependency /workspace/frontend/node_modules/@rollup/rollup-darwin-x64
56 silly reify mark deleted [ '/workspace/frontend/node_modules/@rollup/rollup-darwin-x64' ]
57 verbose reify failed optional dependency /workspace/frontend/node_modules/@rollup/rollup-darwin-arm64
58 silly reify mark deleted [ '/workspace/frontend/node_modules/@rollup/rollup-darwin-arm64' ]
59 verbose reify failed optional dependency /workspace/frontend/node_modules/@rollup/rollup-android-arm64
60 silly reify mark deleted [ '/workspace/frontend/node_modules/@rollup/rollup-android-arm64' ]
61 verbose reify failed optional dependency /workspace/frontend/node_modules/@rollup/rollup-android-arm-eabi
62 silly reify mark deleted [ '/workspace/frontend/node_modules/@rollup/rollup-android-arm-eabi' ]
63 verbose reify failed optional dependency /workspace/frontend/node_modules/@esbuild/win32-x64
64 silly reify mark deleted [ '/workspace/frontend/node_modules/@esbuild/win32-x64' ]
65 verbose reify failed optional dependency /workspace/frontend/node_modules/@esbuild/win32-ia32
66 silly reify mark deleted [ '/workspace/frontend/node_modules/@esbuild/win32-ia32' ]
67 verbose reify failed optional dependency /workspace/frontend/node_modules/@esbuild/win32-arm64
68 silly reify mark deleted [ '/workspace/frontend/node_modules/@esbuild/win32-arm64' ]
69 verbose reify failed optional dependency /workspace/frontend/node_modules/@esbuild/sunos-x64
70 silly reify mark deleted [ '/workspace/frontend/node_modules/@esbuild/sunos-x64' ]
71 verbose reify failed optional dependency /workspace/frontend/node_modules/@esbuild/openbsd-x64
72 silly reify mark deleted [ '/workspace/frontend/node_modules/@esbuild/openbsd-x64' ]
73 verbose reify failed optional dependency /workspace/frontend/node_modules/@esbuild/netbsd-x64
74 silly reify mark deleted [ '/workspace/frontend/node_modules/@esbuild/netbsd-x64' ]
75 verbose reify failed optional dependency /workspace/frontend/node_modules/@esbuild/linux-s390x
76 silly reify mark deleted [ '/workspace/frontend/node_modules/@esbuild/linux-s390x' ]
77 verbose reify failed optional dependency /workspace/frontend/node_modules/@esbuild/linux-riscv64
78 silly reify mark deleted [ '/workspace/frontend/node_modules/@esbuild/linux-riscv64' ]
79 verbose reify failed optional dependency /workspace/frontend/node_modules/@esbuild/linux-ppc64
80 silly reify mark deleted [ '/workspace/frontend/node_modules/@esbuild/linux-ppc64' ]
81 verbose reify failed optional dependency /workspace/frontend/node_modules/@esbuild/linux-mips64el
82 silly reify mark deleted [ '/workspace/frontend/node_modules/@esbuild/linux-mips64el' ]
83 verbose reify failed optional dependency /workspace/frontend/node_modules/@esbuild/linux-loong64
84 silly reify mark deleted [ '/workspace/frontend/node_modules/@esbuild/linux-loong64' ]
85 verbose reify failed optional dependency /workspace/frontend/node_modules/@esbuild/linux-ia32
86 silly reify mark deleted [ '/workspace/frontend/node_modules/@esbuild/linux-ia32' ]
87 verbose reify failed optional dependency /workspace/frontend/node_modules/@esbuild/linux-arm64
88 silly reify mark deleted [ '/workspace/frontend/node_modules/@esbuild/linux-arm64' ]
89 verbose reify failed optional dependency /workspace/frontend/node_modules/@esbuild/linux-arm
90 silly reify mark deleted [ '/workspace/frontend/node_modules/@esbuild/linux-arm' ]
91 verbose reify failed optional dependency /workspace/frontend/node_modules/@esbuild/freebsd-x64
92 silly reify mark deleted [ '/workspace/frontend/node_modules/@esbuild/freebsd-x64' ]
93 verbose reify failed optional dependency /workspace/frontend/node_modules/@esbuild/freebsd-arm64
94 silly reify mark deleted [ '/workspace/frontend/node_modules/@esbuild/freebsd-arm64' ]
95 verbose reify failed optional dependency /workspace/frontend/node_modules/@esbuild/darwin-x64
96 silly reify mark deleted [ '/workspace/frontend/node_modules/@esbuild/darwin-x64' ]
97 verbose reify failed optional dependency /workspace/frontend/node_modules/@esbuild/darwin-arm64
98 silly reify mark deleted [ '/workspace/frontend/node_modules/@esbuild/darwin-arm64' ]
99 verbose reify failed optional dependency /workspace/frontend/node_modules/@esbuild/android-x64
100 silly reify mark deleted [ '/workspace/frontend/node_modules/@esbuild/android-x64' ]
101 verbose reify failed optional dependency /workspace/frontend/node_modules/@esbuild/android-arm64
102 silly reify mark deleted [ '/workspace/frontend/node_modules/@esbuild/android-arm64' ]
103 verbose reify failed optional dependency /workspace/frontend/node_modules/@esbuild/android-arm
104 silly reify mark deleted [ '/workspace/frontend/node_modules/@esbuild/android-arm' ]
105 verbose reify failed optional dependency /workspace/frontend/node_modules/@esbuild/aix-ppc64
106 silly reify mark deleted [ '/workspace/frontend/node_modules/@esbuild/aix-ppc64' ]
107 warn deprecated whatwg-encoding@3.1.1: Use @exodus/bytes instead for a more spec-conformant and faster implementation
108 warn deprecated glob@10.5.0: Old versions of glob are not supported, and contain widely publicized security vulnerabilities, which have been fixed in the current version. Please update. Support for old versions may be purchased (at exorbitant rates) by contacting i@izs.me
109 info run esbuild@0.21.5 postinstall node_modules/esbuild node install.js
110 info run esbuild@0.21.5 postinstall { code: 0, signal: null }
111 info run vue-demi@0.14.10 postinstall node_modules/vue-demi node -e "try{require('./scripts/postinstall.js')}catch(e){}"
112 info run vue-demi@0.14.10 postinstall { code: 0, signal: null }
113 silly ADD node_modules/yocto-queue
114 silly ADD node_modules/xmlchars
115 silly ADD node_modules/xml-name-validator
116 silly ADD node_modules/ws
117 silly ADD node_modules/wrap-ansi-cjs
118 silly ADD node_modules/wrap-ansi-cjs/node_modules/strip-ansi
119 silly ADD node_modules/wrap-ansi-cjs/node_modules/string-width
120 silly ADD node_modules/wrap-ansi-cjs/node_modules/emoji-regex
121 silly ADD node_modules/wrap-ansi-cjs/node_modules/ansi-styles
122 silly ADD node_modules/wrap-ansi-cjs/node_modules/ansi-regex
123 silly ADD node_modules/wrap-ansi
124 silly ADD node_modules/word-wrap
125 silly ADD node_modules/why-is-node-running
126 silly ADD node_modules/which
127 silly ADD node_modules/whatwg-url
128 silly ADD node_modules/whatwg-mimetype
129 silly ADD node_modules/whatwg-encoding
130 silly ADD node_modules/webidl-conversions
131 silly ADD node_modules/w3c-xmlserializer
132 silly ADD node_modules/vue-tsc
133 silly ADD node_modules/vue-router
134 silly ADD node_modules/vue-i18n
135 silly ADD node_modules/vue-eslint-parser
136 silly ADD node_modules/vue-eslint-parser/node_modules/espree
137 silly ADD node_modules/vue-eslint-parser/node_modules/eslint-scope
138 silly ADD node_modules/vue-demi
139 silly ADD node_modules/vue-component-type-helpers
140 silly ADD node_modules/vue
141 silly ADD node_modules/vscode-uri
142 silly ADD node_modules/vitest
143 silly ADD node_modules/vite-node
144 silly ADD node_modules/vite
145 silly ADD node_modules/util-deprecate
146 silly ADD node_modules/url-parse
147 silly ADD node_modules/uri-js
148 silly ADD node_modules/universalify
149 silly ADD node_modules/undici-types
150 silly ADD node_modules/typescript
151 silly ADD node_modules/type-fest
152 silly ADD node_modules/type-check
153 silly ADD node_modules/ts-api-utils
154 silly ADD node_modules/tr46
155 silly ADD node_modules/tough-cookie
156 silly ADD node_modules/tinyspy
157 silly ADD node_modules/tinyrainbow
158 silly ADD node_modules/tinypool
159 silly ADD node_modules/tinyglobby
160 silly ADD node_modules/tinyexec
161 silly ADD node_modules/tinybench
162 silly ADD node_modules/symbol-tree
163 silly ADD node_modules/supports-color
164 silly ADD node_modules/strip-json-comments
165 silly ADD node_modules/strip-ansi-cjs
166 silly ADD node_modules/strip-ansi-cjs/node_modules/ansi-regex
167 silly ADD node_modules/strip-ansi
168 silly ADD node_modules/string-width-cjs
169 silly ADD node_modules/string-width-cjs/node_modules/strip-ansi
170 silly ADD node_modules/string-width-cjs/node_modules/emoji-regex
171 silly ADD node_modules/string-width-cjs/node_modules/ansi-regex
172 silly ADD node_modules/string-width
173 silly ADD node_modules/std-env
174 silly ADD node_modules/stackback
175 silly ADD node_modules/source-map-js
176 silly ADD node_modules/signal-exit
177 silly ADD node_modules/siginfo
178 silly ADD node_modules/shebang-regex
179 silly ADD node_modules/shebang-command
180 silly ADD node_modules/semver
181 silly ADD node_modules/saxes
182 silly ADD node_modules/safer-buffer
183 silly ADD node_modules/rrweb-cssom
184 silly ADD node_modules/rollup
185 silly ADD node_modules/resolve-from
186 silly ADD node_modules/requires-port
187 silly ADD node_modules/querystringify
188 silly ADD node_modules/punycode
189 silly ADD node_modules/psl
190 silly ADD node_modules/proxy-from-env
191 silly ADD node_modules/proto-list
192 silly ADD node_modules/prelude-ls
193 silly ADD node_modules/postcss-selector-parser
194 silly ADD node_modules/postcss
195 silly ADD node_modules/pinia
196 silly ADD node_modules/picomatch
197 silly ADD node_modules/picocolors
198 silly ADD node_modules/pathval
199 silly ADD node_modules/pathe
200 silly ADD node_modules/path-scurry
201 silly ADD node_modules/path-key
202 silly ADD node_modules/path-exists
203 silly ADD node_modules/path-browserify
204 silly ADD node_modules/parse5
205 silly ADD node_modules/parent-module
206 silly ADD node_modules/package-json-from-dist
207 silly ADD node_modules/p-locate
208 silly ADD node_modules/p-limit
209 silly ADD node_modules/optionator
210 silly ADD node_modules/nwsapi
211 silly ADD node_modules/nth-check
212 silly ADD node_modules/nopt
213 silly ADD node_modules/natural-compare
214 silly ADD node_modules/nanoid
215 silly ADD node_modules/muggle-string
216 silly ADD node_modules/ms
217 silly ADD node_modules/minipass
218 silly ADD node_modules/minimatch
219 silly ADD node_modules/mime-types
220 silly ADD node_modules/mime-db
221 silly ADD node_modules/math-intrinsics
222 silly ADD node_modules/magic-string
223 silly ADD node_modules/lru-cache
224 silly ADD node_modules/loupe
225 silly ADD node_modules/lodash.merge
226 silly ADD node_modules/lodash
227 silly ADD node_modules/locate-path
228 silly ADD node_modules/levn
229 silly ADD node_modules/keyv
230 silly ADD node_modules/json-stable-stringify-without-jsonify
231 silly ADD node_modules/json-schema-traverse
232 silly ADD node_modules/json-buffer
233 silly ADD node_modules/jsdom
234 silly ADD node_modules/js-yaml
235 silly ADD node_modules/js-cookie
236 silly ADD node_modules/js-beautify
237 silly ADD node_modules/jackspeak
238 silly ADD node_modules/isexe
239 silly ADD node_modules/is-potential-custom-element-name
240 silly ADD node_modules/is-glob
241 silly ADD node_modules/is-fullwidth-code-point
242 silly ADD node_modules/is-extglob
243 silly ADD node_modules/ini
244 silly ADD node_modules/imurmurhash
245 silly ADD node_modules/import-fresh
246 silly ADD node_modules/ignore
247 silly ADD node_modules/iconv-lite
248 silly ADD node_modules/https-proxy-agent
249 silly ADD node_modules/http-proxy-agent
250 silly ADD node_modules/html-encoding-sniffer
251 silly ADD node_modules/he
252 silly ADD node_modules/hasown
253 silly ADD node_modules/has-tostringtag
254 silly ADD node_modules/has-symbols
255 silly ADD node_modules/has-flag
256 silly ADD node_modules/gopd
257 silly ADD node_modules/globals
258 silly ADD node_modules/glob-parent
259 silly ADD node_modules/glob
260 silly ADD node_modules/get-proto
261 silly ADD node_modules/get-intrinsic
262 silly ADD node_modules/function-bind
263 silly ADD
264 silly ADD node_modules/form-data
265 silly ADD node_modules/foreground-child
266 silly ADD node_modules/follow-redirects
267 silly ADD node_modules/flatted
268 silly ADD node_modules/flat-cache
269 silly ADD node_modules/find-up
270 silly ADD node_modules/file-entry-cache
271 silly ADD node_modules/fdir
272 silly ADD node_modules/fast-levenshtein
273 silly ADD node_modules/fast-json-stable-stringify
274 silly ADD node_modules/fast-deep-equal
275 silly ADD node_modules/expect-type
276 silly ADD node_modules/esutils
277 silly ADD node_modules/estree-walker
278 silly ADD node_modules/estraverse
279 silly ADD node_modules/esrecurse
280 silly ADD node_modules/esquery
281 silly ADD node_modules/espree
282 silly ADD node_modules/espree/node_modules/eslint-visitor-keys
283 silly ADD node_modules/eslint-visitor-keys
284 silly ADD node_modules/eslint-scope
285 silly ADD node_modules/eslint-plugin-vue
286 silly ADD node_modules/eslint-plugin-vue/node_modules/xml-name-validator
287 silly ADD node_modules/eslint-plugin-vue/node_modules/globals
288 silly ADD node_modules/eslint
289 silly ADD node_modules/eslint/node_modules/minimatch
290 silly ADD node_modules/eslint/node_modules/ignore
291 silly ADD node_modules/eslint/node_modules/eslint-visitor-keys
292 silly ADD node_modules/eslint/node_modules/brace-expansion
293 silly ADD node_modules/escape-string-regexp
294 silly ADD node_modules/esbuild
295 silly ADD node_modules/es-set-tostringtag
296 silly ADD node_modules/es-object-atoms
297 silly ADD node_modules/es-module-lexer
298 silly ADD node_modules/es-errors
299 silly ADD node_modules/es-define-property
300 silly ADD node_modules/entities
301 silly ADD node_modules/emoji-regex
302 silly ADD node_modules/editorconfig
303 silly ADD node_modules/eastasianwidth
304 silly ADD node_modules/dunder-proto
305 silly ADD node_modules/delayed-stream
306 silly ADD node_modules/deep-is
307 silly ADD node_modules/deep-eql
308 silly ADD node_modules/decimal.js
309 silly ADD node_modules/debug
310 silly ADD node_modules/de-indent
311 silly ADD node_modules/data-urls
312 silly ADD node_modules/csstype
313 silly ADD node_modules/cssstyle
314 silly ADD node_modules/cssstyle/node_modules/rrweb-cssom
315 silly ADD node_modules/cssesc
316 silly ADD node_modules/cross-spawn
317 silly ADD node_modules/config-chain
318 silly ADD node_modules/concat-map
319 silly ADD node_modules/commander
320 silly ADD node_modules/combined-stream
321 silly ADD node_modules/color-name
322 silly ADD node_modules/color-convert
323 silly ADD node_modules/check-error
324 silly ADD node_modules/chalk
325 silly ADD node_modules/chalk/node_modules/ansi-styles
326 silly ADD node_modules/chai
327 silly ADD node_modules/callsites
328 silly ADD node_modules/call-bind-apply-helpers
329 silly ADD node_modules/cac
330 silly ADD node_modules/brace-expansion
331 silly ADD node_modules/boolbase
332 silly ADD node_modules/balanced-match
333 silly ADD node_modules/axios
334 silly ADD node_modules/asynckit
335 silly ADD node_modules/assertion-error
336 silly ADD node_modules/argparse
337 silly ADD node_modules/ansi-styles
338 silly ADD node_modules/ansi-regex
339 silly ADD node_modules/alien-signals
340 silly ADD node_modules/ajv
341 silly ADD node_modules/agent-base
342 silly ADD node_modules/acorn-jsx
343 silly ADD node_modules/acorn
344 silly ADD node_modules/abbrev
345 silly ADD node_modules/@vue/test-utils
346 silly ADD node_modules/@vue/shared
347 silly ADD node_modules/@vue/server-renderer
348 silly ADD node_modules/@vue/runtime-dom
349 silly ADD node_modules/@vue/runtime-core
350 silly ADD node_modules/@vue/reactivity
351 silly ADD node_modules/@vue/language-core
352 silly ADD node_modules/@vue/devtools-api
353 silly ADD node_modules/@vue/compiler-vue2
354 silly ADD node_modules/@vue/compiler-ssr
355 silly ADD node_modules/@vue/compiler-sfc
356 silly ADD node_modules/@vue/compiler-sfc/node_modules/estree-walker
357 silly ADD node_modules/@vue/compiler-dom
358 silly ADD node_modules/@vue/compiler-core
359 silly ADD node_modules/@vue/compiler-core/node_modules/estree-walker
360 silly ADD node_modules/@vue/compiler-core/node_modules/entities
361 silly ADD node_modules/@volar/typescript
362 silly ADD node_modules/@volar/source-map
363 silly ADD node_modules/@volar/language-core
364 silly ADD node_modules/@vitest/utils
365 silly ADD node_modules/@vitest/spy
366 silly ADD node_modules/@vitest/snapshot
367 silly ADD node_modules/@vitest/runner
368 silly ADD node_modules/@vitest/pretty-format
369 silly ADD node_modules/@vitest/mocker
370 silly ADD node_modules/@vitest/expect
371 silly ADD node_modules/@vitejs/plugin-vue
372 silly ADD node_modules/@typescript-eslint/visitor-keys
373 silly ADD node_modules/@typescript-eslint/visitor-keys/node_modules/eslint-visitor-keys
374 silly ADD node_modules/@typescript-eslint/utils
375 silly ADD node_modules/@typescript-eslint/typescript-estree
376 silly ADD node_modules/@typescript-eslint/typescript-estree/node_modules/minimatch
377 silly ADD node_modules/@typescript-eslint/typescript-estree/node_modules/brace-expansion
378 silly ADD node_modules/@typescript-eslint/typescript-estree/node_modules/balanced-match
379 silly ADD node_modules/@typescript-eslint/types
380 silly ADD node_modules/@typescript-eslint/type-utils
381 silly ADD node_modules/@typescript-eslint/tsconfig-utils
382 silly ADD node_modules/@typescript-eslint/scope-manager
383 silly ADD node_modules/@typescript-eslint/project-service
384 silly ADD node_modules/@typescript-eslint/parser
385 silly ADD node_modules/@typescript-eslint/eslint-plugin
386 silly ADD node_modules/@types/node
387 silly ADD node_modules/@types/json-schema
388 silly ADD node_modules/@types/estree
389 silly ADD
390 silly ADD
391 silly ADD
392 silly ADD
393 silly ADD
394 silly ADD
395 silly ADD node_modules/@rollup/rollup-linux-x64-musl
396 silly ADD node_modules/@rollup/rollup-linux-x64-gnu
397 silly ADD
398 silly ADD
399 silly ADD
400 silly ADD
401 silly ADD
402 silly ADD
403 silly ADD
404 silly ADD
405 silly ADD
406 silly ADD
407 silly ADD
408 silly ADD
409 silly ADD
410 silly ADD
411 silly ADD
412 silly ADD
413 silly ADD
414 silly ADD node_modules/@pkgjs/parseargs
415 silly ADD node_modules/@one-ini/wasm
416 silly ADD node_modules/@jridgewell/sourcemap-codec
417 silly ADD node_modules/@isaacs/cliui
418 silly ADD node_modules/@intlify/shared
419 silly ADD node_modules/@intlify/message-compiler
420 silly ADD node_modules/@intlify/devtools-types
421 silly ADD node_modules/@intlify/core-base
422 silly ADD node_modules/@humanwhocodes/retry
423 silly ADD node_modules/@humanwhocodes/module-importer
424 silly ADD node_modules/@humanfs/types
425 silly ADD node_modules/@humanfs/node
426 silly ADD node_modules/@humanfs/core
427 silly ADD node_modules/@eslint/plugin-kit
428 silly ADD node_modules/@eslint/object-schema
429 silly ADD node_modules/@eslint/js
430 silly ADD node_modules/@eslint/eslintrc
431 silly ADD node_modules/@eslint/eslintrc/node_modules/minimatch
432 silly ADD node_modules/@eslint/eslintrc/node_modules/ignore
433 silly ADD node_modules/@eslint/eslintrc/node_modules/brace-expansion
434 silly ADD node_modules/@eslint/core
435 silly ADD node_modules/@eslint/config-helpers
436 silly ADD node_modules/@eslint/config-array
437 silly ADD node_modules/@eslint/config-array/node_modules/minimatch
438 silly ADD node_modules/@eslint/config-array/node_modules/brace-expansion
439 silly ADD node_modules/@eslint-community/regexpp
440 silly ADD node_modules/@eslint-community/eslint-utils
441 silly ADD
442 silly ADD
443 silly ADD
444 silly ADD
445 silly ADD
446 silly ADD
447 silly ADD node_modules/@esbuild/linux-x64
448 silly ADD
449 silly ADD
450 silly ADD
451 silly ADD
452 silly ADD
453 silly ADD
454 silly ADD
455 silly ADD
456 silly ADD
457 silly ADD
458 silly ADD
459 silly ADD
460 silly ADD
461 silly ADD
462 silly ADD
463 silly ADD
464 silly ADD node_modules/@csstools/css-tokenizer
465 silly ADD node_modules/@csstools/css-parser-algorithms
466 silly ADD node_modules/@csstools/css-color-parser
467 silly ADD node_modules/@csstools/css-calc
468 silly ADD node_modules/@csstools/color-helpers
469 silly ADD node_modules/@babel/types
470 silly ADD node_modules/@babel/parser
471 silly ADD node_modules/@babel/helper-validator-identifier
472 silly ADD node_modules/@babel/helper-string-parser
473 silly ADD node_modules/@asamuzakjp/css-color
474 verbose cwd /workspace/frontend
475 verbose os Linux 4.19.91-c8dfc93.al7.x86_64
476 verbose node v20.19.5
477 verbose npm  v10.8.2
478 verbose exit 0
479 info ok
